{"/Users/pavelveter/Projects/labs/hermem-workspace/hermem/sdk/typescript/src/client.ts": {"path":"/Users/pavelveter/Projects/labs/hermem-workspace/hermem/sdk/typescript/src/client.ts","statementMap":{"0":{"start":{"line":39,"column":27},"end":{"line":39,"column":null}},"1":{"start":{"line":51,"column":4},"end":{"line":51,"column":null}},"2":{"start":{"line":52,"column":4},"end":{"line":52,"column":null}},"3":{"start":{"line":53,"column":4},"end":{"line":53,"column":null}},"4":{"start":{"line":54,"column":4},"end":{"line":54,"column":null}},"5":{"start":{"line":55,"column":4},"end":{"line":55,"column":null}},"6":{"start":{"line":71,"column":27},"end":{"line":71,"column":null}},"7":{"start":{"line":79,"column":4},"end":{"line":79,"column":null}},"8":{"start":{"line":80,"column":4},"end":{"line":80,"column":null}},"9":{"start":{"line":81,"column":4},"end":{"line":81,"column":null}},"10":{"start":{"line":82,"column":4},"end":{"line":82,"column":null}},"11":{"start":{"line":83,"column":4},"end":{"line":83,"column":null}},"12":{"start":{"line":84,"column":4},"end":{"line":84,"column":null}},"13":{"start":{"line":85,"column":4},"end":{"line":85,"column":null}},"14":{"start":{"line":86,"column":4},"end":{"line":86,"column":null}},"15":{"start":{"line":95,"column":16},"end":{"line":95,"column":null}},"16":{"start":{"line":96,"column":44},"end":{"line":98,"column":null}},"17":{"start":{"line":99,"column":4},"end":{"line":101,"column":null}},"18":{"start":{"line":100,"column":6},"end":{"line":100,"column":null}},"19":{"start":{"line":103,"column":23},"end":{"line":103,"column":null}},"20":{"start":{"line":104,"column":18},"end":{"line":104,"column":null}},"21":{"start":{"line":104,"column":35},"end":{"line":104,"column":55}},"22":{"start":{"line":106,"column":4},"end":{"line":134,"column":null}},"23":{"start":{"line":107,"column":19},"end":{"line":112,"column":null}},"24":{"start":{"line":114,"column":6},"end":{"line":114,"column":null}},"25":{"start":{"line":116,"column":6},"end":{"line":125,"column":null}},"26":{"start":{"line":117,"column":21},"end":{"line":117,"column":null}},"27":{"start":{"line":118,"column":8},"end":{"line":124,"column":null}},"28":{"start":{"line":119,"column":23},"end":{"line":119,"column":null}},"29":{"start":{"line":120,"column":10},"end":{"line":120,"column":null}},"30":{"start":{"line":122,"column":10},"end":{"line":122,"column":null}},"31":{"start":{"line":122,"column":37},"end":{"line":122,"column":null}},"32":{"start":{"line":123,"column":10},"end":{"line":123,"column":null}},"33":{"start":{"line":127,"column":19},"end":{"line":127,"column":null}},"34":{"start":{"line":128,"column":6},"end":{"line":130,"column":null}},"35":{"start":{"line":129,"column":8},"end":{"line":129,"column":null}},"36":{"start":{"line":131,"column":6},"end":{"line":131,"column":null}},"37":{"start":{"line":133,"column":6},"end":{"line":133,"column":null}},"38":{"start":{"line":138,"column":4},"end":{"line":138,"column":null}},"39":{"start":{"line":138,"column":29},"end":{"line":138,"column":null}},"40":{"start":{"line":139,"column":4},"end":{"line":139,"column":null}},"41":{"start":{"line":141,"column":26},"end":{"line":141,"column":null}},"42":{"start":{"line":142,"column":4},"end":{"line":142,"column":null}},"43":{"start":{"line":142,"column":24},"end":{"line":142,"column":null}},"44":{"start":{"line":144,"column":24},"end":{"line":144,"column":null}},"45":{"start":{"line":145,"column":21},"end":{"line":145,"column":null}},"46":{"start":{"line":146,"column":4},"end":{"line":148,"column":null}},"47":{"start":{"line":147,"column":6},"end":{"line":147,"column":null}},"48":{"start":{"line":153,"column":16},"end":{"line":153,"column":null}},"49":{"start":{"line":154,"column":2},"end":{"line":154,"column":null}},"50":{"start":{"line":158,"column":22},"end":{"line":158,"column":33}},"51":{"start":{"line":161,"column":4},"end":{"line":161,"column":null}},"52":{"start":{"line":165,"column":4},"end":{"line":168,"column":null}},"53":{"start":{"line":172,"column":4},"end":{"line":175,"column":null}},"54":{"start":{"line":179,"column":4},"end":{"line":182,"column":null}},"55":{"start":{"line":186,"column":4},"end":{"line":189,"column":null}},"56":{"start":{"line":193,"column":4},"end":{"line":193,"column":null}},"57":{"start":{"line":197,"column":4},"end":{"line":203,"column":null}},"58":{"start":{"line":207,"column":4},"end":{"line":211,"column":null}},"59":{"start":{"line":216,"column":22},"end":{"line":216,"column":33}},"60":{"start":{"line":219,"column":42},"end":{"line":219,"column":null}},"61":{"start":{"line":220,"column":4},"end":{"line":220,"column":null}},"62":{"start":{"line":220,"column":16},"end":{"line":220,"column":null}},"63":{"start":{"line":221,"column":4},"end":{"line":221,"column":null}},"64":{"start":{"line":221,"column":25},"end":{"line":221,"column":null}},"65":{"start":{"line":222,"column":4},"end":{"line":222,"column":null}},"66":{"start":{"line":226,"column":4},"end":{"line":229,"column":null}},"67":{"start":{"line":233,"column":41},"end":{"line":233,"column":null}},"68":{"start":{"line":234,"column":4},"end":{"line":234,"column":null}},"69":{"start":{"line":234,"column":20},"end":{"line":234,"column":null}},"70":{"start":{"line":235,"column":4},"end":{"line":235,"column":null}},"71":{"start":{"line":235,"column":21},"end":{"line":235,"column":null}},"72":{"start":{"line":236,"column":4},"end":{"line":236,"column":null}},"73":{"start":{"line":240,"column":4},"end":{"line":240,"column":null}},"74":{"start":{"line":244,"column":4},"end":{"line":249,"column":null}},"75":{"start":{"line":253,"column":4},"end":{"line":255,"column":null}},"76":{"start":{"line":259,"column":4},"end":{"line":261,"column":null}},"77":{"start":{"line":267,"column":41},"end":{"line":267,"column":null}},"78":{"start":{"line":268,"column":4},"end":{"line":268,"column":null}},"79":{"start":{"line":268,"column":21},"end":{"line":268,"column":null}},"80":{"start":{"line":269,"column":4},"end":{"line":269,"column":null}},"81":{"start":{"line":273,"column":4},"end":{"line":273,"column":null}},"82":{"start":{"line":278,"column":22},"end":{"line":278,"column":33}},"83":{"start":{"line":281,"column":4},"end":{"line":281,"column":null}},"84":{"start":{"line":285,"column":17},"end":{"line":287,"column":null}},"85":{"start":{"line":288,"column":4},"end":{"line":288,"column":null}},"86":{"start":{"line":292,"column":4},"end":{"line":295,"column":null}},"87":{"start":{"line":305,"column":15},"end":{"line":305,"column":null}},"88":{"start":{"line":306,"column":4},"end":{"line":306,"column":null}},"89":{"start":{"line":306,"column":25},"end":{"line":306,"column":null}},"90":{"start":{"line":307,"column":4},"end":{"line":308,"column":null}},"91":{"start":{"line":308,"column":6},"end":{"line":308,"column":null}},"92":{"start":{"line":309,"column":14},"end":{"line":309,"column":null}},"93":{"start":{"line":310,"column":4},"end":{"line":310,"column":null}},"94":{"start":{"line":314,"column":4},"end":{"line":314,"column":null}},"95":{"start":{"line":323,"column":15},"end":{"line":323,"column":null}},"96":{"start":{"line":324,"column":4},"end":{"line":325,"column":null}},"97":{"start":{"line":325,"column":6},"end":{"line":325,"column":null}},"98":{"start":{"line":326,"column":4},"end":{"line":326,"column":null}},"99":{"start":{"line":326,"column":27},"end":{"line":326,"column":null}},"100":{"start":{"line":327,"column":4},"end":{"line":327,"column":null}},"101":{"start":{"line":327,"column":23},"end":{"line":327,"column":null}},"102":{"start":{"line":328,"column":4},"end":{"line":328,"column":null}},"103":{"start":{"line":328,"column":22},"end":{"line":328,"column":null}},"104":{"start":{"line":329,"column":14},"end":{"line":329,"column":null}},"105":{"start":{"line":330,"column":4},"end":{"line":330,"column":null}},"106":{"start":{"line":334,"column":4},"end":{"line":337,"column":null}},"107":{"start":{"line":342,"column":22},"end":{"line":342,"column":33}},"108":{"start":{"line":345,"column":4},"end":{"line":345,"column":null}},"109":{"start":{"line":349,"column":4},"end":{"line":349,"column":null}},"110":{"start":{"line":353,"column":4},"end":{"line":353,"column":null}},"111":{"start":{"line":357,"column":4},"end":{"line":357,"column":null}},"112":{"start":{"line":361,"column":4},"end":{"line":361,"column":null}},"113":{"start":{"line":365,"column":4},"end":{"line":365,"column":null}}},"fnMap":{"0":{"name":"constructor","decl":{"start":{"line":50,"column":2},"end":{"line":50,"column":14}},"loc":{"start":{"line":50,"column":74},"end":{"line":56,"column":null}},"line":50},"1":{"name":"constructor_2","decl":{"start":{"line":78,"column":2},"end":{"line":78,"column":14}},"loc":{"start":{"line":78,"column":60},"end":{"line":87,"column":null}},"line":78},"2":{"name":"do","decl":{"start":{"line":89,"column":8},"end":{"line":89,"column":null}},"loc":{"start":{"line":94,"column":16},"end":{"line":135,"column":null}},"line":94},"3":{"name":"(anonymous_3)","decl":{"start":{"line":104,"column":18},"end":{"line":104,"column":35}},"loc":{"start":{"line":104,"column":35},"end":{"line":104,"column":55}},"line":104},"4":{"name":"checkVersionMismatch","decl":{"start":{"line":137,"column":2},"end":{"line":137,"column":10}},"loc":{"start":{"line":137,"column":53},"end":{"line":149,"column":null}},"line":137},"5":{"name":"parseMajor","decl":{"start":{"line":152,"column":9},"end":{"line":152,"column":20}},"loc":{"start":{"line":152,"column":45},"end":{"line":155,"column":null}},"line":152},"6":{"name":"constructor_3","decl":{"start":{"line":158,"column":2},"end":{"line":158,"column":14}},"loc":{"start":{"line":158,"column":33},"end":{"line":158,"column":null}},"line":158},"7":{"name":"store","decl":{"start":{"line":160,"column":8},"end":{"line":160,"column":14}},"loc":{"start":{"line":160,"column":48},"end":{"line":162,"column":null}},"line":160},"8":{"name":"search","decl":{"start":{"line":164,"column":8},"end":{"line":164,"column":15}},"loc":{"start":{"line":164,"column":60},"end":{"line":169,"column":null}},"line":164},"9":{"name":"retrieve","decl":{"start":{"line":171,"column":8},"end":{"line":171,"column":17}},"loc":{"start":{"line":171,"column":65},"end":{"line":176,"column":null}},"line":171},"10":{"name":"query","decl":{"start":{"line":178,"column":8},"end":{"line":178,"column":14}},"loc":{"start":{"line":178,"column":58},"end":{"line":183,"column":null}},"line":178},"11":{"name":"explain","decl":{"start":{"line":185,"column":8},"end":{"line":185,"column":16}},"loc":{"start":{"line":185,"column":62},"end":{"line":190,"column":null}},"line":185},"12":{"name":"ingest","decl":{"start":{"line":192,"column":8},"end":{"line":192,"column":15}},"loc":{"start":{"line":192,"column":50},"end":{"line":194,"column":null}},"line":192},"13":{"name":"edge","decl":{"start":{"line":196,"column":8},"end":{"line":196,"column":13}},"loc":{"start":{"line":196,"column":46},"end":{"line":204,"column":null}},"line":196},"14":{"name":"reEmbed","decl":{"start":{"line":206,"column":8},"end":{"line":206,"column":16}},"loc":{"start":{"line":206,"column":61},"end":{"line":212,"column":null}},"line":206},"15":{"name":"constructor_4","decl":{"start":{"line":216,"column":2},"end":{"line":216,"column":14}},"loc":{"start":{"line":216,"column":33},"end":{"line":216,"column":null}},"line":216},"16":{"name":"create","decl":{"start":{"line":218,"column":8},"end":{"line":218,"column":15}},"loc":{"start":{"line":218,"column":68},"end":{"line":223,"column":null}},"line":218},"17":{"name":"status","decl":{"start":{"line":225,"column":8},"end":{"line":225,"column":15}},"loc":{"start":{"line":225,"column":54},"end":{"line":230,"column":null}},"line":225},"18":{"name":"list","decl":{"start":{"line":232,"column":8},"end":{"line":232,"column":13}},"loc":{"start":{"line":232,"column":68},"end":{"line":237,"column":null}},"line":232},"19":{"name":"show","decl":{"start":{"line":239,"column":8},"end":{"line":239,"column":13}},"loc":{"start":{"line":239,"column":62},"end":{"line":241,"column":null}},"line":239},"20":{"name":"dep","decl":{"start":{"line":243,"column":8},"end":{"line":243,"column":12}},"loc":{"start":{"line":243,"column":48},"end":{"line":250,"column":null}},"line":243},"21":{"name":"tree","decl":{"start":{"line":252,"column":8},"end":{"line":252,"column":13}},"loc":{"start":{"line":252,"column":62},"end":{"line":256,"column":null}},"line":252},"22":{"name":"rollback","decl":{"start":{"line":258,"column":8},"end":{"line":258,"column":17}},"loc":{"start":{"line":258,"column":74},"end":{"line":262,"column":null}},"line":258},"23":{"name":"executable","decl":{"start":{"line":264,"column":8},"end":{"line":264,"column":null}},"loc":{"start":{"line":266,"column":37},"end":{"line":270,"column":null}},"line":266},"24":{"name":"next","decl":{"start":{"line":272,"column":8},"end":{"line":272,"column":13}},"loc":{"start":{"line":272,"column":73},"end":{"line":274,"column":null}},"line":272},"25":{"name":"constructor_5","decl":{"start":{"line":278,"column":2},"end":{"line":278,"column":14}},"loc":{"start":{"line":278,"column":33},"end":{"line":278,"column":null}},"line":278},"26":{"name":"verify","decl":{"start":{"line":280,"column":8},"end":{"line":280,"column":40}},"loc":{"start":{"line":280,"column":40},"end":{"line":282,"column":null}},"line":280},"27":{"name":"contradictions","decl":{"start":{"line":284,"column":8},"end":{"line":284,"column":23}},"loc":{"start":{"line":284,"column":68},"end":{"line":289,"column":null}},"line":284},"28":{"name":"connectedComponents","decl":{"start":{"line":291,"column":8},"end":{"line":291,"column":28}},"loc":{"start":{"line":291,"column":72},"end":{"line":296,"column":null}},"line":291},"29":{"name":"communities","decl":{"start":{"line":298,"column":8},"end":{"line":298,"column":null}},"loc":{"start":{"line":304,"column":5},"end":{"line":311,"column":null}},"line":304},"30":{"name":"timeline","decl":{"start":{"line":313,"column":8},"end":{"line":313,"column":17}},"loc":{"start":{"line":313,"column":55},"end":{"line":315,"column":null}},"line":313},"31":{"name":"provenance","decl":{"start":{"line":317,"column":8},"end":{"line":317,"column":19}},"loc":{"start":{"line":322,"column":29},"end":{"line":331,"column":null}},"line":322},"32":{"name":"recoveryPlan","decl":{"start":{"line":333,"column":8},"end":{"line":333,"column":21}},"loc":{"start":{"line":333,"column":56},"end":{"line":338,"column":null}},"line":333},"33":{"name":"constructor_6","decl":{"start":{"line":342,"column":2},"end":{"line":342,"column":14}},"loc":{"start":{"line":342,"column":33},"end":{"line":342,"column":null}},"line":342},"34":{"name":"health","decl":{"start":{"line":344,"column":8},"end":{"line":344,"column":42}},"loc":{"start":{"line":344,"column":42},"end":{"line":346,"column":null}},"line":344},"35":{"name":"ready","decl":{"start":{"line":348,"column":8},"end":{"line":348,"column":40}},"loc":{"start":{"line":348,"column":40},"end":{"line":350,"column":null}},"line":348},"36":{"name":"migrateStatus","decl":{"start":{"line":352,"column":8},"end":{"line":352,"column":46}},"loc":{"start":{"line":352,"column":46},"end":{"line":354,"column":null}},"line":352},"37":{"name":"schema","decl":{"start":{"line":356,"column":8},"end":{"line":356,"column":40}},"loc":{"start":{"line":356,"column":40},"end":{"line":358,"column":null}},"line":356},"38":{"name":"verifyDB","decl":{"start":{"line":360,"column":8},"end":{"line":360,"column":34}},"loc":{"start":{"line":360,"column":34},"end":{"line":362,"column":null}},"line":360},"39":{"name":"rollback_2","decl":{"start":{"line":364,"column":8},"end":{"line":364,"column":34}},"loc":{"start":{"line":364,"column":34},"end":{"line":366,"column":null}},"line":364}},"branchMap":{"0":{"loc":{"start":{"line":50,"column":51},"end":{"line":50,"column":62}},"type":"default-arg","locations":[{"start":{"line":50,"column":58},"end":{"line":50,"column":62}}],"line":50},"1":{"loc":{"start":{"line":50,"column":62},"end":{"line":50,"column":74}},"type":"default-arg","locations":[{"start":{"line":50,"column":70},"end":{"line":50,"column":74}}],"line":50},"2":{"loc":{"start":{"line":78,"column":31},"end":{"line":78,"column":60}},"type":"default-arg","locations":[{"start":{"line":78,"column":56},"end":{"line":78,"column":60}}],"line":78},"3":{"loc":{"start":{"line":80,"column":18},"end":{"line":80,"column":null}},"type":"binary-expr","locations":[{"start":{"line":80,"column":18},"end":{"line":80,"column":36}},{"start":{"line":80,"column":36},"end":{"line":80,"column":null}}],"line":80},"4":{"loc":{"start":{"line":81,"column":19},"end":{"line":81,"column":null}},"type":"binary-expr","locations":[{"start":{"line":81,"column":19},"end":{"line":81,"column":38}},{"start":{"line":81,"column":38},"end":{"line":81,"column":null}}],"line":81},"5":{"loc":{"start":{"line":99,"column":4},"end":{"line":101,"column":null}},"type":"if","locations":[{"start":{"line":99,"column":4},"end":{"line":101,"column":null}},{"start":{},"end":{}}],"line":99},"6":{"loc":{"start":{"line":110,"column":14},"end":{"line":110,"column":null}},"type":"cond-expr","locations":[{"start":{"line":110,"column":29},"end":{"line":110,"column":52}},{"start":{"line":110,"column":52},"end":{"line":110,"column":null}}],"line":110},"7":{"loc":{"start":{"line":116,"column":6},"end":{"line":125,"column":null}},"type":"if","locations":[{"start":{"line":116,"column":6},"end":{"line":125,"column":null}},{"start":{},"end":{}}],"line":116},"8":{"loc":{"start":{"line":120,"column":54},"end":{"line":120,"column":71}},"type":"binary-expr","locations":[{"start":{"line":120,"column":54},"end":{"line":120,"column":67}},{"start":{"line":120,"column":67},"end":{"line":120,"column":71}}],"line":120},"9":{"loc":{"start":{"line":120,"column":71},"end":{"line":120,"column":87}},"type":"binary-expr","locations":[{"start":{"line":120,"column":71},"end":{"line":120,"column":85}},{"start":{"line":120,"column":85},"end":{"line":120,"column":87}}],"line":120},"10":{"loc":{"start":{"line":122,"column":10},"end":{"line":122,"column":null}},"type":"if","locations":[{"start":{"line":122,"column":10},"end":{"line":122,"column":null}},{"start":{},"end":{}}],"line":122},"11":{"loc":{"start":{"line":128,"column":6},"end":{"line":130,"column":null}},"type":"if","locations":[{"start":{"line":128,"column":6},"end":{"line":130,"column":null}},{"start":{},"end":{}}],"line":128},"12":{"loc":{"start":{"line":138,"column":4},"end":{"line":138,"column":null}},"type":"if","locations":[{"start":{"line":138,"column":4},"end":{"line":138,"column":null}},{"start":{},"end":{}}],"line":138},"13":{"loc":{"start":{"line":142,"column":4},"end":{"line":142,"column":null}},"type":"if","locations":[{"start":{"line":142,"column":4},"end":{"line":142,"column":null}},{"start":{},"end":{}}],"line":142},"14":{"loc":{"start":{"line":146,"column":4},"end":{"line":148,"column":null}},"type":"if","locations":[{"start":{"line":146,"column":4},"end":{"line":148,"column":null}},{"start":{},"end":{}}],"line":146},"15":{"loc":{"start":{"line":146,"column":8},"end":{"line":146,"column":60}},"type":"binary-expr","locations":[{"start":{"line":146,"column":8},"end":{"line":146,"column":36}},{"start":{"line":146,"column":36},"end":{"line":146,"column":60}}],"line":146},"16":{"loc":{"start":{"line":154,"column":9},"end":{"line":154,"column":null}},"type":"cond-expr","locations":[{"start":{"line":154,"column":24},"end":{"line":154,"column":28}},{"start":{"line":154,"column":28},"end":{"line":154,"column":null}}],"line":154},"17":{"loc":{"start":{"line":167,"column":13},"end":{"line":167,"column":null}},"type":"binary-expr","locations":[{"start":{"line":167,"column":13},"end":{"line":167,"column":26}},{"start":{"line":167,"column":26},"end":{"line":167,"column":null}}],"line":167},"18":{"loc":{"start":{"line":174,"column":17},"end":{"line":174,"column":null}},"type":"binary-expr","locations":[{"start":{"line":174,"column":17},"end":{"line":174,"column":34}},{"start":{"line":174,"column":34},"end":{"line":174,"column":null}}],"line":174},"19":{"loc":{"start":{"line":181,"column":13},"end":{"line":181,"column":null}},"type":"binary-expr","locations":[{"start":{"line":181,"column":13},"end":{"line":181,"column":26}},{"start":{"line":181,"column":26},"end":{"line":181,"column":null}}],"line":181},"20":{"loc":{"start":{"line":188,"column":13},"end":{"line":188,"column":null}},"type":"binary-expr","locations":[{"start":{"line":188,"column":13},"end":{"line":188,"column":26}},{"start":{"line":188,"column":26},"end":{"line":188,"column":null}}],"line":188},"21":{"loc":{"start":{"line":201,"column":19},"end":{"line":201,"column":null}},"type":"binary-expr","locations":[{"start":{"line":201,"column":19},"end":{"line":201,"column":38}},{"start":{"line":201,"column":38},"end":{"line":201,"column":null}}],"line":201},"22":{"loc":{"start":{"line":220,"column":4},"end":{"line":220,"column":null}},"type":"if","locations":[{"start":{"line":220,"column":4},"end":{"line":220,"column":null}},{"start":{},"end":{}}],"line":220},"23":{"loc":{"start":{"line":221,"column":4},"end":{"line":221,"column":null}},"type":"if","locations":[{"start":{"line":221,"column":4},"end":{"line":221,"column":null}},{"start":{},"end":{}}],"line":221},"24":{"loc":{"start":{"line":234,"column":4},"end":{"line":234,"column":null}},"type":"if","locations":[{"start":{"line":234,"column":4},"end":{"line":234,"column":null}},{"start":{},"end":{}}],"line":234},"25":{"loc":{"start":{"line":235,"column":4},"end":{"line":235,"column":null}},"type":"if","locations":[{"start":{"line":235,"column":4},"end":{"line":235,"column":null}},{"start":{},"end":{}}],"line":235},"26":{"loc":{"start":{"line":247,"column":21},"end":{"line":247,"column":null}},"type":"binary-expr","locations":[{"start":{"line":247,"column":21},"end":{"line":247,"column":42}},{"start":{"line":247,"column":42},"end":{"line":247,"column":null}}],"line":247},"27":{"loc":{"start":{"line":248,"column":11},"end":{"line":248,"column":null}},"type":"binary-expr","locations":[{"start":{"line":248,"column":11},"end":{"line":248,"column":22}},{"start":{"line":248,"column":22},"end":{"line":248,"column":null}}],"line":248},"28":{"loc":{"start":{"line":265,"column":4},"end":{"line":265,"column":null}},"type":"default-arg","locations":[{"start":{"line":265,"column":27},"end":{"line":265,"column":null}}],"line":265},"29":{"loc":{"start":{"line":268,"column":4},"end":{"line":268,"column":null}},"type":"if","locations":[{"start":{"line":268,"column":4},"end":{"line":268,"column":null}},{"start":{},"end":{}}],"line":268},"30":{"loc":{"start":{"line":272,"column":13},"end":{"line":272,"column":73}},"type":"default-arg","locations":[{"start":{"line":272,"column":36},"end":{"line":272,"column":73}}],"line":272},"31":{"loc":{"start":{"line":284,"column":23},"end":{"line":284,"column":68}},"type":"default-arg","locations":[{"start":{"line":284,"column":34},"end":{"line":284,"column":68}}],"line":284},"32":{"loc":{"start":{"line":285,"column":17},"end":{"line":287,"column":null}},"type":"cond-expr","locations":[{"start":{"line":286,"column":8},"end":{"line":286,"column":null}},{"start":{"line":287,"column":8},"end":{"line":287,"column":null}}],"line":285},"33":{"loc":{"start":{"line":291,"column":28},"end":{"line":291,"column":72}},"type":"default-arg","locations":[{"start":{"line":291,"column":38},"end":{"line":291,"column":72}}],"line":291},"34":{"loc":{"start":{"line":299,"column":4},"end":{"line":299,"column":null}},"type":"default-arg","locations":[{"start":{"line":299,"column":61},"end":{"line":299,"column":null}}],"line":299},"35":{"loc":{"start":{"line":306,"column":4},"end":{"line":306,"column":null}},"type":"if","locations":[{"start":{"line":306,"column":4},"end":{"line":306,"column":null}},{"start":{},"end":{}}],"line":306},"36":{"loc":{"start":{"line":307,"column":4},"end":{"line":308,"column":null}},"type":"if","locations":[{"start":{"line":307,"column":4},"end":{"line":308,"column":null}},{"start":{},"end":{}}],"line":307},"37":{"loc":{"start":{"line":310,"column":43},"end":{"line":310,"column":61}},"type":"cond-expr","locations":[{"start":{"line":310,"column":47},"end":{"line":310,"column":57}},{"start":{"line":310,"column":57},"end":{"line":310,"column":61}}],"line":310},"38":{"loc":{"start":{"line":313,"column":17},"end":{"line":313,"column":55}},"type":"default-arg","locations":[{"start":{"line":313,"column":25},"end":{"line":313,"column":55}}],"line":313},"39":{"loc":{"start":{"line":317,"column":19},"end":{"line":322,"column":29}},"type":"default-arg","locations":[{"start":{"line":322,"column":6},"end":{"line":322,"column":29}}],"line":317},"40":{"loc":{"start":{"line":324,"column":4},"end":{"line":325,"column":null}},"type":"if","locations":[{"start":{"line":324,"column":4},"end":{"line":325,"column":null}},{"start":{},"end":{}}],"line":324},"41":{"loc":{"start":{"line":326,"column":4},"end":{"line":326,"column":null}},"type":"if","locations":[{"start":{"line":326,"column":4},"end":{"line":326,"column":null}},{"start":{},"end":{}}],"line":326},"42":{"loc":{"start":{"line":327,"column":4},"end":{"line":327,"column":null}},"type":"if","locations":[{"start":{"line":327,"column":4},"end":{"line":327,"column":null}},{"start":{},"end":{}}],"line":327},"43":{"loc":{"start":{"line":328,"column":4},"end":{"line":328,"column":null}},"type":"if","locations":[{"start":{"line":328,"column":4},"end":{"line":328,"column":null}},{"start":{},"end":{}}],"line":328},"44":{"loc":{"start":{"line":330,"column":52},"end":{"line":330,"column":70}},"type":"cond-expr","locations":[{"start":{"line":330,"column":56},"end":{"line":330,"column":66}},{"start":{"line":330,"column":66},"end":{"line":330,"column":70}}],"line":330}},"s":{"0":5,"1":6,"2":6,"3":6,"4":6,"5":6,"6":44,"7":44,"8":44,"9":44,"10":44,"11":44,"12":44,"13":44,"14":44,"15":43,"16":43,"17":43,"18":0,"19":43,"20":43,"21":0,"22":43,"23":43,"24":43,"25":43,"26":4,"27":4,"28":4,"29":4,"30":4,"31":4,"32":0,"33":39,"34":39,"35":32,"36":7,"37":43,"38":43,"39":2,"40":41,"41":41,"42":41,"43":38,"44":3,"45":3,"46":3,"47":2,"48":6,"49":6,"50":44,"51":2,"52":1,"53":1,"54":1,"55":1,"56":1,"57":1,"58":1,"59":44,"60":2,"61":2,"62":0,"63":2,"64":0,"65":2,"66":1,"67":1,"68":1,"69":1,"70":1,"71":0,"72":1,"73":1,"74":1,"75":1,"76":1,"77":2,"78":2,"79":0,"80":2,"81":1,"82":44,"83":2,"84":2,"85":2,"86":2,"87":1,"88":1,"89":0,"90":1,"91":0,"92":1,"93":1,"94":2,"95":1,"96":1,"97":0,"98":1,"99":0,"100":1,"101":0,"102":1,"103":0,"104":1,"105":1,"106":1,"107":44,"108":7,"109":1,"110":1,"111":1,"112":2,"113":1},"f":{"0":6,"1":44,"2":43,"3":0,"4":43,"5":6,"6":44,"7":2,"8":1,"9":1,"10":1,"11":1,"12":1,"13":1,"14":1,"15":44,"16":2,"17":1,"18":1,"19":1,"20":1,"21":1,"22":1,"23":2,"24":1,"25":44,"26":2,"27":2,"28":2,"29":1,"30":2,"31":1,"32":1,"33":44,"34":7,"35":1,"36":1,"37":1,"38":2,"39":1},"b":{"0":[6],"1":[6],"2":[44],"3":[44,43],"4":[44,43],"5":[0,43],"6":[19,24],"7":[4,39],"8":[4,1],"9":[4,4],"10":[4,0],"11":[32,7],"12":[2,41],"13":[38,3],"14":[2,1],"15":[3,2],"16":[0,6],"17":[1,0],"18":[1,0],"19":[1,0],"20":[1,0],"21":[1,0],"22":[0,2],"23":[0,2],"24":[1,0],"25":[0,1],"26":[1,1],"27":[1,0],"28":[2],"29":[0,2],"30":[1],"31":[2],"32":[1,1],"33":[2],"34":[1],"35":[0,1],"36":[0,1],"37":[0,1],"38":[2],"39":[1],"40":[0,1],"41":[0,1],"42":[0,1],"43":[0,1],"44":[0,1]},"meta":{"lastBranch":45,"lastFunction":40,"lastStatement":114,"seen":{"s:39:27:39:Infinity":0,"f:50:2:50:14":0,"b:50:58:50:62":0,"b:50:70:50:74":1,"s:51:4:51:Infinity":1,"s:52:4:52:Infinity":2,"s:53:4:53:Infinity":3,"s:54:4:54:Infinity":4,"s:55:4:55:Infinity":5,"f:78:2:78:14":1,"b:78:56:78:60":2,"s:71:27:71:Infinity":6,"s:79:4:79:Infinity":7,"s:80:4:80:Infinity":8,"b:80:18:80:36:80:36:80:Infinity":3,"s:81:4:81:Infinity":9,"b:81:19:81:38:81:38:81:Infinity":4,"s:82:4:82:Infinity":10,"s:83:4:83:Infinity":11,"s:84:4:84:Infinity":12,"s:85:4:85:Infinity":13,"s:86:4:86:Infinity":14,"f:89:8:89:Infinity":2,"s:95:16:95:Infinity":15,"s:96:44:98:Infinity":16,"b:99:4:101:Infinity:undefined:undefined:undefined:undefined":5,"s:99:4:101:Infinity":17,"s:100:6:100:Infinity":18,"s:103:23:103:Infinity":19,"s:104:18:104:Infinity":20,"f:104:18:104:35":3,"s:104:35:104:55":21,"s:106:4:134:Infinity":22,"s:107:19:112:Infinity":23,"b:110:29:110:52:110:52:110:Infinity":6,"s:114:6:114:Infinity":24,"b:116:6:125:Infinity:undefined:undefined:undefined:undefined":7,"s:116:6:125:Infinity":25,"s:117:21:117:Infinity":26,"s:118:8:124:Infinity":27,"s:119:23:119:Infinity":28,"s:120:10:120:Infinity":29,"b:120:54:120:67:120:67:120:71":8,"b:120:71:120:85:120:85:120:87":9,"b:122:10:122:Infinity:undefined:undefined:undefined:undefined":10,"s:122:10:122:Infinity":30,"s:122:37:122:Infinity":31,"s:123:10:123:Infinity":32,"s:127:19:127:Infinity":33,"b:128:6:130:Infinity:undefined:undefined:undefined:undefined":11,"s:128:6:130:Infinity":34,"s:129:8:129:Infinity":35,"s:131:6:131:Infinity":36,"s:133:6:133:Infinity":37,"f:137:2:137:10":4,"b:138:4:138:Infinity:undefined:undefined:undefined:undefined":12,"s:138:4:138:Infinity":38,"s:138:29:138:Infinity":39,"s:139:4:139:Infinity":40,"s:141:26:141:Infinity":41,"b:142:4:142:Infinity:undefined:undefined:undefined:undefined":13,"s:142:4:142:Infinity":42,"s:142:24:142:Infinity":43,"s:144:24:144:Infinity":44,"s:145:21:145:Infinity":45,"b:146:4:148:Infinity:undefined:undefined:undefined:undefined":14,"s:146:4:148:Infinity":46,"b:146:8:146:36:146:36:146:60":15,"s:147:6:147:Infinity":47,"f:152:9:152:20":5,"s:153:16:153:Infinity":48,"s:154:2:154:Infinity":49,"b:154:24:154:28:154:28:154:Infinity":16,"f:158:2:158:14":6,"s:158:22:158:33":50,"f:160:8:160:14":7,"s:161:4:161:Infinity":51,"f:164:8:164:15":8,"s:165:4:168:Infinity":52,"b:167:13:167:26:167:26:167:Infinity":17,"f:171:8:171:17":9,"s:172:4:175:Infinity":53,"b:174:17:174:34:174:34:174:Infinity":18,"f:178:8:178:14":10,"s:179:4:182:Infinity":54,"b:181:13:181:26:181:26:181:Infinity":19,"f:185:8:185:16":11,"s:186:4:189:Infinity":55,"b:188:13:188:26:188:26:188:Infinity":20,"f:192:8:192:15":12,"s:193:4:193:Infinity":56,"f:196:8:196:13":13,"s:197:4:203:Infinity":57,"b:201:19:201:38:201:38:201:Infinity":21,"f:206:8:206:16":14,"s:207:4:211:Infinity":58,"f:216:2:216:14":15,"s:216:22:216:33":59,"f:218:8:218:15":16,"s:219:42:219:Infinity":60,"b:220:4:220:Infinity:undefined:undefined:undefined:undefined":22,"s:220:4:220:Infinity":61,"s:220:16:220:Infinity":62,"b:221:4:221:Infinity:undefined:undefined:undefined:undefined":23,"s:221:4:221:Infinity":63,"s:221:25:221:Infinity":64,"s:222:4:222:Infinity":65,"f:225:8:225:15":17,"s:226:4:229:Infinity":66,"f:232:8:232:13":18,"s:233:41:233:Infinity":67,"b:234:4:234:Infinity:undefined:undefined:undefined:undefined":24,"s:234:4:234:Infinity":68,"s:234:20:234:Infinity":69,"b:235:4:235:Infinity:undefined:undefined:undefined:undefined":25,"s:235:4:235:Infinity":70,"s:235:21:235:Infinity":71,"s:236:4:236:Infinity":72,"f:239:8:239:13":19,"s:240:4:240:Infinity":73,"f:243:8:243:12":20,"s:244:4:249:Infinity":74,"b:247:21:247:42:247:42:247:Infinity":26,"b:248:11:248:22:248:22:248:Infinity":27,"f:252:8:252:13":21,"s:253:4:255:Infinity":75,"f:258:8:258:17":22,"s:259:4:261:Infinity":76,"f:264:8:264:Infinity":23,"b:265:27:265:Infinity":28,"s:267:41:267:Infinity":77,"b:268:4:268:Infinity:undefined:undefined:undefined:undefined":29,"s:268:4:268:Infinity":78,"s:268:21:268:Infinity":79,"s:269:4:269:Infinity":80,"f:272:8:272:13":24,"b:272:36:272:73":30,"s:273:4:273:Infinity":81,"f:278:2:278:14":25,"s:278:22:278:33":82,"f:280:8:280:40":26,"s:281:4:281:Infinity":83,"f:284:8:284:23":27,"b:284:34:284:68":31,"s:285:17:287:Infinity":84,"b:286:8:286:Infinity:287:8:287:Infinity":32,"s:288:4:288:Infinity":85,"f:291:8:291:28":28,"b:291:38:291:72":33,"s:292:4:295:Infinity":86,"f:298:8:298:Infinity":29,"b:299:61:299:Infinity":34,"s:305:15:305:Infinity":87,"b:306:4:306:Infinity:undefined:undefined:undefined:undefined":35,"s:306:4:306:Infinity":88,"s:306:25:306:Infinity":89,"b:307:4:308:Infinity:undefined:undefined:undefined:undefined":36,"s:307:4:308:Infinity":90,"s:308:6:308:Infinity":91,"s:309:14:309:Infinity":92,"s:310:4:310:Infinity":93,"b:310:47:310:57:310:57:310:61":37,"f:313:8:313:17":30,"b:313:25:313:55":38,"s:314:4:314:Infinity":94,"f:317:8:317:19":31,"b:322:6:322:29":39,"s:323:15:323:Infinity":95,"b:324:4:325:Infinity:undefined:undefined:undefined:undefined":40,"s:324:4:325:Infinity":96,"s:325:6:325:Infinity":97,"b:326:4:326:Infinity:undefined:undefined:undefined:undefined":41,"s:326:4:326:Infinity":98,"s:326:27:326:Infinity":99,"b:327:4:327:Infinity:undefined:undefined:undefined:undefined":42,"s:327:4:327:Infinity":100,"s:327:23:327:Infinity":101,"b:328:4:328:Infinity:undefined:undefined:undefined:undefined":43,"s:328:4:328:Infinity":102,"s:328:22:328:Infinity":103,"s:329:14:329:Infinity":104,"s:330:4:330:Infinity":105,"b:330:56:330:66:330:66:330:70":44,"f:333:8:333:21":32,"s:334:4:337:Infinity":106,"f:342:2:342:14":33,"s:342:22:342:33":107,"f:344:8:344:42":34,"s:345:4:345:Infinity":108,"f:348:8:348:40":35,"s:349:4:349:Infinity":109,"f:352:8:352:46":36,"s:353:4:353:Infinity":110,"f:356:8:356:40":37,"s:357:4:357:Infinity":111,"f:360:8:360:34":38,"s:361:4:361:Infinity":112,"f:364:8:364:34":39,"s:365:4:365:Infinity":113},"fnNames":{}}}
,"/Users/pavelveter/Projects/labs/hermem-workspace/hermem/sdk/typescript/src/index.ts": {"path":"/Users/pavelveter/Projects/labs/hermem-workspace/hermem/sdk/typescript/src/index.ts","statementMap":{},"fnMap":{},"branchMap":{},"s":{},"f":{},"b":{},"meta":{"lastBranch":0,"lastFunction":0,"lastStatement":0,"seen":{},"fnNames":{}}}
,"/Users/pavelveter/Projects/labs/hermem-workspace/hermem/sdk/typescript/src/types.ts": {"path":"/Users/pavelveter/Projects/labs/hermem-workspace/hermem/sdk/typescript/src/types.ts","statementMap":{},"fnMap":{},"branchMap":{},"s":{},"f":{},"b":{},"meta":{"lastBranch":0,"lastFunction":0,"lastStatement":0,"seen":{},"fnNames":{}}}
}
