TN:
SF:src/client.ts
FN:50,constructor
FN:78,constructor_2
FN:89,do
FN:104,(anonymous_3)
FN:137,checkVersionMismatch
FN:152,parseMajor
FN:158,constructor_3
FN:160,store
FN:164,search
FN:171,retrieve
FN:178,query
FN:185,explain
FN:192,ingest
FN:196,edge
FN:206,reEmbed
FN:216,constructor_4
FN:218,create
FN:225,status
FN:232,list
FN:239,show
FN:243,dep
FN:252,tree
FN:258,rollback
FN:264,executable
FN:272,next
FN:278,constructor_5
FN:280,verify
FN:284,contradictions
FN:291,connectedComponents
FN:298,communities
FN:313,timeline
FN:317,provenance
FN:333,recoveryPlan
FN:342,constructor_6
FN:344,health
FN:348,ready
FN:352,migrateStatus
FN:356,schema
FN:360,verifyDB
FN:364,rollback_2
FNF:40
FNH:39
FNDA:6,constructor
FNDA:44,constructor_2
FNDA:43,do
FNDA:0,(anonymous_3)
FNDA:43,checkVersionMismatch
FNDA:6,parseMajor
FNDA:44,constructor_3
FNDA:2,store
FNDA:1,search
FNDA:1,retrieve
FNDA:1,query
FNDA:1,explain
FNDA:1,ingest
FNDA:1,edge
FNDA:1,reEmbed
FNDA:44,constructor_4
FNDA:2,create
FNDA:1,status
FNDA:1,list
FNDA:1,show
FNDA:1,dep
FNDA:1,tree
FNDA:1,rollback
FNDA:2,executable
FNDA:1,next
FNDA:44,constructor_5
FNDA:2,verify
FNDA:2,contradictions
FNDA:2,connectedComponents
FNDA:1,communities
FNDA:2,timeline
FNDA:1,provenance
FNDA:1,recoveryPlan
FNDA:44,constructor_6
FNDA:7,health
FNDA:1,ready
FNDA:1,migrateStatus
FNDA:1,schema
FNDA:2,verifyDB
FNDA:1,rollback_2
DA:39,5
DA:51,6
DA:52,6
DA:53,6
DA:54,6
DA:55,6
DA:71,44
DA:79,44
DA:80,44
DA:81,44
DA:82,44
DA:83,44
DA:84,44
DA:85,44
DA:86,44
DA:95,43
DA:96,43
DA:99,43
DA:100,0
DA:103,43
DA:104,43
DA:106,43
DA:107,43
DA:114,43
DA:116,43
DA:117,4
DA:118,4
DA:119,4
DA:120,4
DA:122,4
DA:123,0
DA:127,39
DA:128,39
DA:129,32
DA:131,7
DA:133,43
DA:138,43
DA:139,41
DA:141,41
DA:142,41
DA:144,3
DA:145,3
DA:146,3
DA:147,2
DA:153,6
DA:154,6
DA:158,44
DA:161,2
DA:165,1
DA:172,1
DA:179,1
DA:186,1
DA:193,1
DA:197,1
DA:207,1
DA:216,44
DA:219,2
DA:220,2
DA:221,2
DA:222,2
DA:226,1
DA:233,1
DA:234,1
DA:235,1
DA:236,1
DA:240,1
DA:244,1
DA:253,1
DA:259,1
DA:267,2
DA:268,2
DA:269,2
DA:273,1
DA:278,44
DA:281,2
DA:285,2
DA:288,2
DA:292,2
DA:305,1
DA:306,1
DA:307,1
DA:308,0
DA:309,1
DA:310,1
DA:314,2
DA:323,1
DA:324,1
DA:325,0
DA:326,1
DA:327,1
DA:328,1
DA:329,1
DA:330,1
DA:334,1
DA:342,44
DA:345,7
DA:349,1
DA:353,1
DA:357,1
DA:361,2
DA:365,1
LF:101
LH:97
BRDA:50,0,0,6
BRDA:50,1,0,6
BRDA:78,2,0,44
BRDA:80,3,0,44
BRDA:80,3,1,43
BRDA:81,4,0,44
BRDA:81,4,1,43
BRDA:99,5,0,0
BRDA:99,5,1,43
BRDA:110,6,0,19
BRDA:110,6,1,24
BRDA:116,7,0,4
BRDA:116,7,1,39
BRDA:120,8,0,4
BRDA:120,8,1,1
BRDA:120,9,0,4
BRDA:120,9,1,4
BRDA:122,10,0,4
BRDA:122,10,1,0
BRDA:128,11,0,32
BRDA:128,11,1,7
BRDA:138,12,0,2
BRDA:138,12,1,41
BRDA:142,13,0,38
BRDA:142,13,1,3
BRDA:146,14,0,2
BRDA:146,14,1,1
BRDA:146,15,0,3
BRDA:146,15,1,2
BRDA:154,16,0,0
BRDA:154,16,1,6
BRDA:167,17,0,1
BRDA:167,17,1,0
BRDA:174,18,0,1
BRDA:174,18,1,0
BRDA:181,19,0,1
BRDA:181,19,1,0
BRDA:188,20,0,1
BRDA:188,20,1,0
BRDA:201,21,0,1
BRDA:201,21,1,0
BRDA:220,22,0,0
BRDA:220,22,1,2
BRDA:221,23,0,0
BRDA:221,23,1,2
BRDA:234,24,0,1
BRDA:234,24,1,0
BRDA:235,25,0,0
BRDA:235,25,1,1
BRDA:247,26,0,1
BRDA:247,26,1,1
BRDA:248,27,0,1
BRDA:248,27,1,0
BRDA:265,28,0,2
BRDA:268,29,0,0
BRDA:268,29,1,2
BRDA:272,30,0,1
BRDA:284,31,0,2
BRDA:285,32,0,1
BRDA:285,32,1,1
BRDA:291,33,0,2
BRDA:299,34,0,1
BRDA:306,35,0,0
BRDA:306,35,1,1
BRDA:307,36,0,0
BRDA:307,36,1,1
BRDA:310,37,0,0
BRDA:310,37,1,1
BRDA:313,38,0,2
BRDA:317,39,0,1
BRDA:324,40,0,0
BRDA:324,40,1,1
BRDA:326,41,0,0
BRDA:326,41,1,1
BRDA:327,42,0,0
BRDA:327,42,1,1
BRDA:328,43,0,0
BRDA:328,43,1,1
BRDA:330,44,0,0
BRDA:330,44,1,1
BRF:80
BRH:58
end_of_record
TN:
SF:src/index.ts
FNF:0
FNH:0
LF:0
LH:0
BRF:0
BRH:0
end_of_record
TN:
SF:src/types.ts
FNF:0
FNH:0
LF:0
LH:0
BRF:0
BRH:0
end_of_record
